#
# There is insufficient memory for the Java Runtime Environment to continue.
# Native memory allocation (malloc) failed to allocate 1048576 bytes for AllocateHeap
# Possible reasons:
#   The system is out of physical RAM or swap space
#   The process is running with CompressedOops enabled, and the Java Heap may be blocking the growth of the native heap
# Possible solutions:
#   Reduce memory load on the system
#   Increase physical memory or swap space
#   Check if swap backing store is full
#   Decrease Java heap size (-Xmx/-Xms)
#   Decrease number of Java threads
#   Decrease Java thread stack sizes (-Xss)
#   Set larger code cache with -XX:ReservedCodeCacheSize=
#   JVM is running with Unscaled Compressed Oops mode in which the Java heap is
#     placed in the first 4GB address space. The Java Heap base address is the
#     maximum limit for the native heap growth. Please use -XX:HeapBaseMinAddress
#     to set the Java Heap base and to place the Java Heap above 4GB virtual address.
# This output file may be truncated or incomplete.
#
#  Out of Memory Error (./open/src/hotspot/share/memory/allocation.cpp:44), pid=17544, tid=3180
#
# JRE version: OpenJDK Runtime Environment (14.0.2+12) (build 14.0.2+12-46)
# Java VM: OpenJDK 64-Bit Server VM (14.0.2+12-46, mixed mode, tiered, compressed oops, g1 gc, windows-amd64)
# No core dump will be written. Minidumps are not enabled by default on client versions of Windows
#

---------------  S U M M A R Y ------------

Command Line: -Dcom.sun.management.jmxremote -Dcom.sun.management.jmxremote.port=49912 -Dcom.sun.management.jmxremote.authenticate=false -Dcom.sun.management.jmxremote.ssl=false -Djava.rmi.server.hostname=localhost -Dspring.jmx.enabled=true -Dspring.application.admin.enabled=true -Xverify:none -XX:TieredStopAtLevel=1 -Dspring.boot.project.name=user-levels -Dfile.encoding=UTF-8 -XX:+ShowCodeDetailsInExceptionMessages com.diego.userlevels.UserLevelsApplication --spring.output.ansi.enabled=always

Host: AMD Ryzen 3 3250U with Radeon Graphics         , 4 cores, 5G,  Windows 10 , 64 bit Build 18362 (10.0.18362.1082)
Time: Sat Oct  3 23:24:12 2020 Hora de verano central (México) elapsed time: 0 seconds (0d 0h 0m 0s)

---------------  T H R E A D  ---------------

Current thread (0x0000017c6c51b000):  VMThread "VM Thread" [stack: 0x0000001495700000,0x0000001495800000] [id=3180]

Stack: [0x0000001495700000,0x0000001495800000]
[error occurred during error reporting (printing stack bounds), id 0xc0000005, EXCEPTION_ACCESS_VIOLATION (0xc0000005) at pc=0x0000017c570510ad]

Native frames: (J=compiled Java code, j=interpreted, Vv=VM code, C=native code)
V  [jvm.dll+0x5f8a9a]
V  [jvm.dll+0x74247a]
V  [jvm.dll+0x743c2f]
V  [jvm.dll+0x7441d5]
V  [jvm.dll+0x74418b]
V  [jvm.dll+0x5f7f6f]
V  [jvm.dll+0x5f8738]
C  [ntdll.dll+0xa11cf]
C  [ntdll.dll+0x6a209]
C  [ntdll.dll+0x9fe3e]
C  0x0000017c570510ad

VM_Operation (0x00000014951fb800): CollectForMetadataAllocation, mode: safepoint, requested by thread 0x0000017c51bbc000


---------------  P R O C E S S  ---------------

Threads class SMR info:
_java_thread_list=0x0000017c6cf18340, length=10, elements={
0x0000017c51bbc000, 0x0000017c6c53f000, 0x0000017c6c542800, 0x0000017c6cd62800,
0x0000017c6cd64800, 0x0000017c6cd68800, 0x0000017c6cd69800, 0x0000017c6cd9e800,
0x0000017c6c4b6000, 0x0000017c6cf3b800
}

Java Threads: ( => current thread )
  0x0000017c51bbc000 JavaThread "main" [_thread_blocked, id=25176, stack(0x0000001495100000,0x0000001495200000)]
  0x0000017c6c53f000 JavaThread "Reference Handler" daemon [_thread_blocked, id=27908, stack(0x0000001495800000,0x0000001495900000)]
  0x0000017c6c542800 JavaThread "Finalizer" daemon [_thread_blocked, id=664, stack(0x0000001495900000,0x0000001495a00000)]
  0x0000017c6cd62800 JavaThread "Signal Dispatcher" daemon [_thread_blocked, id=5132, stack(0x0000001495a00000,0x0000001495b00000)]
  0x0000017c6cd64800 JavaThread "Attach Listener" daemon [_thread_blocked, id=29212, stack(0x0000001495b00000,0x0000001495c00000)]
  0x0000017c6cd68800 JavaThread "Service Thread" daemon [_thread_blocked, id=19720, stack(0x0000001495c00000,0x0000001495d00000)]
  0x0000017c6cd69800 JavaThread "C1 CompilerThread0" daemon [_thread_blocked, id=28636, stack(0x0000001495d00000,0x0000001495e00000)]
  0x0000017c6cd9e800 JavaThread "Sweeper thread" daemon [_thread_blocked, id=21120, stack(0x0000001495e00000,0x0000001495f00000)]
  0x0000017c6c4b6000 JavaThread "Common-Cleaner" daemon [_thread_blocked, id=9020, stack(0x0000001495f00000,0x0000001496000000)]
  0x0000017c6cf3b800 JavaThread "Notification Thread" daemon [_thread_blocked, id=27016, stack(0x0000001496000000,0x0000001496100000)]

Other Threads:
=>0x0000017c6c51b000 VMThread "VM Thread" [stack: 0x0000001495700000,0x0000001495800000] [id=3180]
  0x0000017c51bf6800 GCTaskThread "GC Thread#0" [stack: 0x0000001495200000,0x0000001495300000] [id=18520]
  0x0000017c6cf57000 GCTaskThread "GC Thread#1" [stack: 0x0000001496100000,0x0000001496200000] [id=25672]
  0x0000017c51c04800 ConcurrentGCThread "G1 Main Marker" [stack: 0x0000001495300000,0x0000001495400000] [id=19784]
  0x0000017c51c06000 ConcurrentGCThread "G1 Conc#0" [stack: 0x0000001495400000,0x0000001495500000] [id=28876]
  0x0000017c51c73000 ConcurrentGCThread "G1 Refine#0" [stack: 0x0000001495500000,0x0000001495600000] [id=28008]
  0x0000017c51c74800 ConcurrentGCThread "G1 Young RemSet Sampling" [stack: 0x0000001495600000,0x0000001495700000] [id=21624]

Threads with active compile tasks:

VM state:at safepoint (normal execution)

VM Mutex/Monitor currently owned by a thread:  ([mutex/lock_event])
[0x0000017c51bb7b10] Threads_lock - owner thread: 0x0000017c6c51b000
[0x0000017c51bb73c0] Heap_lock - owner thread: 0x0000017c51bbc000

Heap address: 0x00000000a1400000, size: 1516 MB, Compressed Oops mode: 32-bit
Narrow klass base: 0x0000000000000000, Narrow klass shift: 3
Compressed class space size: 1073741824 Address: 0x0000000100000000

Heap:
 garbage-first heap   total 98304K, used 710K [0x00000000a1400000, 0x0000000100000000)
  region size 1024K, 1 young (1024K), 1 survivors (1024K)
 Metaspace       used 5282K, capacity 5302K, committed 5376K, reserved 1064960K
  class space    used 460K, capacity 471K, committed 512K, reserved 1048576K
Heap Regions: E=young(eden), S=young(survivor), O=old, HS=humongous(starts), HC=humongous(continues), CS=collection set, F=free, OA=open archive, CA=closed archive, TAMS=top-at-mark-start (previous, next)
|   0|0x00000000a1400000, 0x00000000a1400000, 0x00000000a1500000|  0%| F|  |TAMS 0x00000000a1400000, 0x00000000a1400000| Untracked 
|   1|0x00000000a1500000, 0x00000000a1500000, 0x00000000a1600000|  0%| F|  |TAMS 0x00000000a1500000, 0x00000000a1500000| Untracked 
|   2|0x00000000a1600000, 0x00000000a1600000, 0x00000000a1700000|  0%| F|  |TAMS 0x00000000a1600000, 0x00000000a1600000| Untracked 
|   3|0x00000000a1700000, 0x00000000a1700000, 0x00000000a1800000|  0%| F|  |TAMS 0x00000000a1700000, 0x00000000a1700000| Untracked 
|   4|0x00000000a1800000, 0x00000000a1800000, 0x00000000a1900000|  0%| F|  |TAMS 0x00000000a1800000, 0x00000000a1800000| Untracked 
|   5|0x00000000a1900000, 0x00000000a1900000, 0x00000000a1a00000|  0%| F|  |TAMS 0x00000000a1900000, 0x00000000a1900000| Untracked 
|   6|0x00000000a1a00000, 0x00000000a1a00000, 0x00000000a1b00000|  0%| F|  |TAMS 0x00000000a1a00000, 0x00000000a1a00000| Untracked 
|   7|0x00000000a1b00000, 0x00000000a1b00000, 0x00000000a1c00000|  0%| F|  |TAMS 0x00000000a1b00000, 0x00000000a1b00000| Untracked 
|   8|0x00000000a1c00000, 0x00000000a1c00000, 0x00000000a1d00000|  0%| F|  |TAMS 0x00000000a1c00000, 0x00000000a1c00000| Untracked 
|   9|0x00000000a1d00000, 0x00000000a1d00000, 0x00000000a1e00000|  0%| F|  |TAMS 0x00000000a1d00000, 0x00000000a1d00000| Untracked 
|  10|0x00000000a1e00000, 0x00000000a1e00000, 0x00000000a1f00000|  0%| F|  |TAMS 0x00000000a1e00000, 0x00000000a1e00000| Untracked 
|  11|0x00000000a1f00000, 0x00000000a1f00000, 0x00000000a2000000|  0%| F|  |TAMS 0x00000000a1f00000, 0x00000000a1f00000| Untracked 
|  12|0x00000000a2000000, 0x00000000a2000000, 0x00000000a2100000|  0%| F|  |TAMS 0x00000000a2000000, 0x00000000a2000000| Untracked 
|  13|0x00000000a2100000, 0x00000000a2100000, 0x00000000a2200000|  0%| F|  |TAMS 0x00000000a2100000, 0x00000000a2100000| Untracked 
|  14|0x00000000a2200000, 0x00000000a2200000, 0x00000000a2300000|  0%| F|  |TAMS 0x00000000a2200000, 0x00000000a2200000| Untracked 
|  15|0x00000000a2300000, 0x00000000a2300000, 0x00000000a2400000|  0%| F|  |TAMS 0x00000000a2300000, 0x00000000a2300000| Untracked 
|  16|0x00000000a2400000, 0x00000000a2400000, 0x00000000a2500000|  0%| F|  |TAMS 0x00000000a2400000, 0x00000000a2400000| Untracked 
|  17|0x00000000a2500000, 0x00000000a2500000, 0x00000000a2600000|  0%| F|  |TAMS 0x00000000a2500000, 0x00000000a2500000| Untracked 
|  18|0x00000000a2600000, 0x00000000a2600000, 0x00000000a2700000|  0%| F|  |TAMS 0x00000000a2600000, 0x00000000a2600000| Untracked 
|  19|0x00000000a2700000, 0x00000000a2700000, 0x00000000a2800000|  0%| F|  |TAMS 0x00000000a2700000, 0x00000000a2700000| Untracked 
|  20|0x00000000a2800000, 0x00000000a2800000, 0x00000000a2900000|  0%| F|  |TAMS 0x00000000a2800000, 0x00000000a2800000| Untracked 
|  21|0x00000000a2900000, 0x00000000a2900000, 0x00000000a2a00000|  0%| F|  |TAMS 0x00000000a2900000, 0x00000000a2900000| Untracked 
|  22|0x00000000a2a00000, 0x00000000a2a00000, 0x00000000a2b00000|  0%| F|  |TAMS 0x00000000a2a00000, 0x00000000a2a00000| Untracked 
|  23|0x00000000a2b00000, 0x00000000a2b00000, 0x00000000a2c00000|  0%| F|  |TAMS 0x00000000a2b00000, 0x00000000a2b00000| Untracked 
|  24|0x00000000a2c00000, 0x00000000a2c00000, 0x00000000a2d00000|  0%| F|  |TAMS 0x00000000a2c00000, 0x00000000a2c00000| Untracked 
|  25|0x00000000a2d00000, 0x00000000a2d00000, 0x00000000a2e00000|  0%| F|  |TAMS 0x00000000a2d00000, 0x00000000a2d00000| Untracked 
|  26|0x00000000a2e00000, 0x00000000a2e00000, 0x00000000a2f00000|  0%| F|  |TAMS 0x00000000a2e00000, 0x00000000a2e00000| Untracked 
|  27|0x00000000a2f00000, 0x00000000a2f00000, 0x00000000a3000000|  0%| F|  |TAMS 0x00000000a2f00000, 0x00000000a2f00000| Untracked 
|  28|0x00000000a3000000, 0x00000000a3000000, 0x00000000a3100000|  0%| F|  |TAMS 0x00000000a3000000, 0x00000000a3000000| Untracked 
|  29|0x00000000a3100000, 0x00000000a3100000, 0x00000000a3200000|  0%| F|  |TAMS 0x00000000a3100000, 0x00000000a3100000| Untracked 
|  30|0x00000000a3200000, 0x00000000a3200000, 0x00000000a3300000|  0%| F|  |TAMS 0x00000000a3200000, 0x00000000a3200000| Untracked 
|  31|0x00000000a3300000, 0x00000000a3300000, 0x00000000a3400000|  0%| F|  |TAMS 0x00000000a3300000, 0x00000000a3300000| Untracked 
|  32|0x00000000a3400000, 0x00000000a3400000, 0x00000000a3500000|  0%| F|  |TAMS 0x00000000a3400000, 0x00000000a3400000| Untracked 
|  33|0x00000000a3500000, 0x00000000a3500000, 0x00000000a3600000|  0%| F|  |TAMS 0x00000000a3500000, 0x00000000a3500000| Untracked 
|  34|0x00000000a3600000, 0x00000000a3600000, 0x00000000a3700000|  0%| F|  |TAMS 0x00000000a3600000, 0x00000000a3600000| Untracked 
|  35|0x00000000a3700000, 0x00000000a3700000, 0x00000000a3800000|  0%| F|  |TAMS 0x00000000a3700000, 0x00000000a3700000| Untracked 
|  36|0x00000000a3800000, 0x00000000a3800000, 0x00000000a3900000|  0%| F|  |TAMS 0x00000000a3800000, 0x00000000a3800000| Untracked 
|  37|0x00000000a3900000, 0x00000000a3900000, 0x00000000a3a00000|  0%| F|  |TAMS 0x00000000a3900000, 0x00000000a3900000| Untracked 
|  38|0x00000000a3a00000, 0x00000000a3a00000, 0x00000000a3b00000|  0%| F|  |TAMS 0x00000000a3a00000, 0x00000000a3a00000| Untracked 
|  39|0x00000000a3b00000, 0x00000000a3b00000, 0x00000000a3c00000|  0%| F|  |TAMS 0x00000000a3b00000, 0x00000000a3b00000| Untracked 
|  40|0x00000000a3c00000, 0x00000000a3c00000, 0x00000000a3d00000|  0%| F|  |TAMS 0x00000000a3c00000, 0x00000000a3c00000| Untracked 
|  41|0x00000000a3d00000, 0x00000000a3d00000, 0x00000000a3e00000|  0%| F|  |TAMS 0x00000000a3d00000, 0x00000000a3d00000| Untracked 
|  42|0x00000000a3e00000, 0x00000000a3e00000, 0x00000000a3f00000|  0%| F|  |TAMS 0x00000000a3e00000, 0x00000000a3e00000| Untracked 
|  43|0x00000000a3f00000, 0x00000000a3f00000, 0x00000000a4000000|  0%| F|  |TAMS 0x00000000a3f00000, 0x00000000a3f00000| Untracked 
|  44|0x00000000a4000000, 0x00000000a4000000, 0x00000000a4100000|  0%| F|  |TAMS 0x00000000a4000000, 0x00000000a4000000| Untracked 
|  45|0x00000000a4100000, 0x00000000a4100000, 0x00000000a4200000|  0%| F|  |TAMS 0x00000000a4100000, 0x00000000a4100000| Untracked 
|  46|0x00000000a4200000, 0x00000000a4200000, 0x00000000a4300000|  0%| F|  |TAMS 0x00000000a4200000, 0x00000000a4200000| Untracked 
|  47|0x00000000a4300000, 0x00000000a4300000, 0x00000000a4400000|  0%| F|  |TAMS 0x00000000a4300000, 0x00000000a4300000| Untracked 
|  48|0x00000000a4400000, 0x00000000a4400000, 0x00000000a4500000|  0%| F|  |TAMS 0x00000000a4400000, 0x00000000a4400000| Untracked 
|  49|0x00000000a4500000, 0x00000000a4500000, 0x00000000a4600000|  0%| F|  |TAMS 0x00000000a4500000, 0x00000000a4500000| Untracked 
|  50|0x00000000a4600000, 0x00000000a4600000, 0x00000000a4700000|  0%| F|  |TAMS 0x00000000a4600000, 0x00000000a4600000| Untracked 
|  51|0x00000000a4700000, 0x00000000a4700000, 0x00000000a4800000|  0%| F|  |TAMS 0x00000000a4700000, 0x00000000a4700000| Untracked 
|  52|0x00000000a4800000, 0x00000000a4800000, 0x00000000a4900000|  0%| F|  |TAMS 0x00000000a4800000, 0x00000000a4800000| Untracked 
|  53|0x00000000a4900000, 0x00000000a4900000, 0x00000000a4a00000|  0%| F|  |TAMS 0x00000000a4900000, 0x00000000a4900000| Untracked 
|  54|0x00000000a4a00000, 0x00000000a4a00000, 0x00000000a4b00000|  0%| F|  |TAMS 0x00000000a4a00000, 0x00000000a4a00000| Untracked 
|  55|0x00000000a4b00000, 0x00000000a4b00000, 0x00000000a4c00000|  0%| F|  |TAMS 0x00000000a4b00000, 0x00000000a4b00000| Untracked 
|  56|0x00000000a4c00000, 0x00000000a4c00000, 0x00000000a4d00000|  0%| F|  |TAMS 0x00000000a4c00000, 0x00000000a4c00000| Untracked 
|  57|0x00000000a4d00000, 0x00000000a4d00000, 0x00000000a4e00000|  0%| F|  |TAMS 0x00000000a4d00000, 0x00000000a4d00000| Untracked 
|  58|0x00000000a4e00000, 0x00000000a4e00000, 0x00000000a4f00000|  0%| F|  |TAMS 0x00000000a4e00000, 0x00000000a4e00000| Untracked 
|  59|0x00000000a4f00000, 0x00000000a4f00000, 0x00000000a5000000|  0%| F|  |TAMS 0x00000000a4f00000, 0x00000000a4f00000| Untracked 
|  60|0x00000000a5000000, 0x00000000a5000000, 0x00000000a5100000|  0%| F|  |TAMS 0x00000000a5000000, 0x00000000a5000000| Untracked 
|  61|0x00000000a5100000, 0x00000000a5100000, 0x00000000a5200000|  0%| F|  |TAMS 0x00000000a5100000, 0x00000000a5100000| Untracked 
|  62|0x00000000a5200000, 0x00000000a5200000, 0x00000000a5300000|  0%| F|  |TAMS 0x00000000a5200000, 0x00000000a5200000| Untracked 
|  63|0x00000000a5300000, 0x00000000a5300000, 0x00000000a5400000|  0%| F|  |TAMS 0x00000000a5300000, 0x00000000a5300000| Untracked 
|  64|0x00000000a5400000, 0x00000000a5400000, 0x00000000a5500000|  0%| F|  |TAMS 0x00000000a5400000, 0x00000000a5400000| Untracked 
|  65|0x00000000a5500000, 0x00000000a5500000, 0x00000000a5600000|  0%| F|  |TAMS 0x00000000a5500000, 0x00000000a5500000| Untracked 
|  66|0x00000000a5600000, 0x00000000a5600000, 0x00000000a5700000|  0%| F|  |TAMS 0x00000000a5600000, 0x00000000a5600000| Untracked 
|  67|0x00000000a5700000, 0x00000000a5700000, 0x00000000a5800000|  0%| F|  |TAMS 0x00000000a5700000, 0x00000000a5700000| Untracked 
|  68|0x00000000a5800000, 0x00000000a5800000, 0x00000000a5900000|  0%| F|  |TAMS 0x00000000a5800000, 0x00000000a5800000| Untracked 
|  69|0x00000000a5900000, 0x00000000a5900000, 0x00000000a5a00000|  0%| F|  |TAMS 0x00000000a5900000, 0x00000000a5900000| Untracked 
|  70|0x00000000a5a00000, 0x00000000a5a00000, 0x00000000a5b00000|  0%| F|  |TAMS 0x00000000a5a00000, 0x00000000a5a00000| Untracked 
|  71|0x00000000a5b00000, 0x00000000a5b00000, 0x00000000a5c00000|  0%| F|  |TAMS 0x00000000a5b00000, 0x00000000a5b00000| Untracked 
|  72|0x00000000a5c00000, 0x00000000a5c00000, 0x00000000a5d00000|  0%| F|  |TAMS 0x00000000a5c00000, 0x00000000a5c00000| Untracked 
|  73|0x00000000a5d00000, 0x00000000a5d00000, 0x00000000a5e00000|  0%| F|  |TAMS 0x00000000a5d00000, 0x00000000a5d00000| Untracked 
|  74|0x00000000a5e00000, 0x00000000a5e00000, 0x00000000a5f00000|  0%| F|  |TAMS 0x00000000a5e00000, 0x00000000a5e00000| Untracked 
|  75|0x00000000a5f00000, 0x00000000a5f00000, 0x00000000a6000000|  0%| F|  |TAMS 0x00000000a5f00000, 0x00000000a5f00000| Untracked 
|  76|0x00000000a6000000, 0x00000000a6000000, 0x00000000a6100000|  0%| F|  |TAMS 0x00000000a6000000, 0x00000000a6000000| Untracked 
|  77|0x00000000a6100000, 0x00000000a6100000, 0x00000000a6200000|  0%| F|  |TAMS 0x00000000a6100000, 0x00000000a6100000| Untracked 
|  78|0x00000000a6200000, 0x00000000a6200000, 0x00000000a6300000|  0%| F|  |TAMS 0x00000000a6200000, 0x00000000a6200000| Untracked 
|  79|0x00000000a6300000, 0x00000000a6300000, 0x00000000a6400000|  0%| F|  |TAMS 0x00000000a6300000, 0x00000000a6300000| Untracked 
|  80|0x00000000a6400000, 0x00000000a6400000, 0x00000000a6500000|  0%| F|  |TAMS 0x00000000a6400000, 0x00000000a6400000| Untracked 
|  81|0x00000000a6500000, 0x00000000a6500000, 0x00000000a6600000|  0%| F|  |TAMS 0x00000000a6500000, 0x00000000a6500000| Untracked 
|  82|0x00000000a6600000, 0x00000000a6600000, 0x00000000a6700000|  0%| F|  |TAMS 0x00000000a6600000, 0x00000000a6600000| Untracked 
|  83|0x00000000a6700000, 0x00000000a6700000, 0x00000000a6800000|  0%| F|  |TAMS 0x00000000a6700000, 0x00000000a6700000| Untracked 
|  84|0x00000000a6800000, 0x00000000a6800000, 0x00000000a6900000|  0%| F|  |TAMS 0x00000000a6800000, 0x00000000a6800000| Untracked 
|  85|0x00000000a6900000, 0x00000000a6900000, 0x00000000a6a00000|  0%| F|  |TAMS 0x00000000a6900000, 0x00000000a6900000| Untracked 
|  86|0x00000000a6a00000, 0x00000000a6a00000, 0x00000000a6b00000|  0%| F|  |TAMS 0x00000000a6a00000, 0x00000000a6a00000| Untracked 
|  87|0x00000000a6b00000, 0x00000000a6b00000, 0x00000000a6c00000|  0%| F|  |TAMS 0x00000000a6b00000, 0x00000000a6b00000| Untracked 
|  88|0x00000000a6c00000, 0x00000000a6c00000, 0x00000000a6d00000|  0%| F|  |TAMS 0x00000000a6c00000, 0x00000000a6c00000| Untracked 
|  89|0x00000000a6d00000, 0x00000000a6d00000, 0x00000000a6e00000|  0%| F|  |TAMS 0x00000000a6d00000, 0x00000000a6d00000| Untracked 
|  90|0x00000000a6e00000, 0x00000000a6e00000, 0x00000000a6f00000|  0%| F|  |TAMS 0x00000000a6e00000, 0x00000000a6e00000| Untracked 
|  91|0x00000000a6f00000, 0x00000000a6f00000, 0x00000000a7000000|  0%| F|  |TAMS 0x00000000a6f00000, 0x00000000a6f00000| Untracked 
|  92|0x00000000a7000000, 0x00000000a7000000, 0x00000000a7100000|  0%| F|  |TAMS 0x00000000a7000000, 0x00000000a7000000| Untracked 
|  93|0x00000000a7100000, 0x00000000a71b1a98, 0x00000000a7200000| 69%| S|CS|TAMS 0x00000000a7100000, 0x00000000a7100000| Complete 
|  94|0x00000000a7200000, 0x00000000a7200000, 0x00000000a7300000|  0%| F|  |TAMS 0x00000000a7200000, 0x00000000a7200000| Untracked 
|  95|0x00000000a7300000, 0x00000000a7300000, 0x00000000a7400000|  0%| F|  |TAMS 0x00000000a7300000, 0x00000000a7300000| Untracked 

Card table byte_map: [0x0000017c66970000,0x0000017c66c70000] _byte_map_base: 0x0000017c66466000

Marking Bits (Prev, Next): (CMBitMap*) 0x0000017c51bf8018, (CMBitMap*) 0x0000017c51bf8058
 Prev Bits: [0x0000017c66f70000, 0x0000017c68720000)
 Next Bits: [0x0000017c68720000, 0x0000017c69ed0000)

Polling page: 0x0000017c51c80000

Metaspace:

Usage:
  Non-class:      4.72 MB capacity,     4.71 MB (>99%) used,     7.02 KB ( <1%) free+waste,     2.31 KB ( <1%) overhead. 
      Class:    471.00 KB capacity,   460.95 KB ( 98%) used,     8.67 KB (  2%) free+waste,     1.38 KB ( <1%) overhead. 
       Both:      5.18 MB capacity,     5.16 MB (>99%) used,    15.69 KB ( <1%) free+waste,     3.69 KB ( <1%) overhead. 

Virtual space:
  Non-class space:       16.00 MB reserved,       4.75 MB ( 30%) committed 
      Class space:        1.00 GB reserved,     512.00 KB ( <1%) committed 
             Both:        1.02 GB reserved,       5.25 MB ( <1%) committed 

Chunk freelists:
   Non-Class:  33.00 KB
       Class:  9.00 KB
        Both:  42.00 KB

MaxMetaspaceSize: 17179869184.00 GB
CompressedClassSpaceSize: 1.00 GB

CodeHeap 'non-profiled nmethods': size=238912Kb used=196Kb max_used=196Kb free=238715Kb
 bounds [0x0000017c57700000, 0x0000017c57970000, 0x0000017c66050000]
CodeHeap 'non-nmethods': size=6848Kb used=1075Kb max_used=1075Kb free=5772Kb
 bounds [0x0000017c57050000, 0x0000017c572c0000, 0x0000017c57700000]
 total_blobs=489 nmethods=184 adapters=233
 compilation: enabled
              stopped_count=0, restarted_count=0
 full_count=0

Compilation events (20 events):
Event: 0.256 Thread 0x0000017c6cd69800  174       1       java.util.concurrent.ConcurrentHashMap::casTabAt (21 bytes)
Event: 0.256 Thread 0x0000017c6cd69800 nmethod 174 0x0000017c5772de90 code [0x0000017c5772e020, 0x0000017c5772e138]
Event: 0.261 Thread 0x0000017c6cd69800  175       1       java.lang.Class::getClassLoader (28 bytes)
Event: 0.261 Thread 0x0000017c6cd69800 nmethod 175 0x0000017c5772e490 code [0x0000017c5772e660, 0x0000017c5772e938]
Event: 0.261 Thread 0x0000017c6cd69800  181       1       java.lang.invoke.MethodType::parameterType (7 bytes)
Event: 0.262 Thread 0x0000017c6cd69800 nmethod 181 0x0000017c5772eb10 code [0x0000017c5772eca0, 0x0000017c5772ed78]
Event: 0.262 Thread 0x0000017c6cd69800  177       1       java.lang.invoke.MethodType::makeImpl (108 bytes)
Event: 0.262 Thread 0x0000017c6cd69800 nmethod 177 0x0000017c5772ee10 code [0x0000017c5772f040, 0x0000017c5772f6f8]
Event: 0.262 Thread 0x0000017c6cd69800  182       1       java.util.ImmutableCollections$ListN::get (7 bytes)
Event: 0.262 Thread 0x0000017c6cd69800 nmethod 182 0x0000017c5772fa10 code [0x0000017c5772fba0, 0x0000017c5772fc78]
Event: 0.262 Thread 0x0000017c6cd69800  183       1       java.util.concurrent.CopyOnWriteArrayList::setArray (6 bytes)
Event: 0.263 Thread 0x0000017c6cd69800 nmethod 183 0x0000017c5772fd10 code [0x0000017c5772fea0, 0x0000017c5772ffb8]
Event: 0.263 Thread 0x0000017c6cd69800  178       1       java.lang.invoke.MethodType::<init> (15 bytes)
Event: 0.263 Thread 0x0000017c6cd69800 nmethod 178 0x0000017c57730010 code [0x0000017c577301a0, 0x0000017c577302f8]
Event: 0.263 Thread 0x0000017c6cd69800  179       1       java.lang.invoke.MethodType$ConcurrentWeakInternSet::get (47 bytes)
Event: 0.263 Thread 0x0000017c6cd69800 nmethod 179 0x0000017c57730390 code [0x0000017c57730580, 0x0000017c57730a58]
Event: 0.263 Thread 0x0000017c6cd69800  176       1       java.lang.invoke.MethodType::form (5 bytes)
Event: 0.263 Thread 0x0000017c6cd69800 nmethod 176 0x0000017c57730d10 code [0x0000017c57730ea0, 0x0000017c57730f58]
Event: 0.270 Thread 0x0000017c6cd69800  184       1       java.io.File::getPath (5 bytes)
Event: 0.270 Thread 0x0000017c6cd69800 nmethod 184 0x0000017c57731010 code [0x0000017c577311a0, 0x0000017c57731258]

GC Heap History (2 events):
Event: 0.275 GC heap before
{Heap before GC invocations=0 (full 0):
 garbage-first heap   total 98304K, used 1024K [0x00000000a1400000, 0x0000000100000000)
  region size 1024K, 2 young (2048K), 0 survivors (0K)
 Metaspace       used 5282K, capacity 5302K, committed 5376K, reserved 1062912K
  class space    used 460K, capacity 471K, committed 512K, reserved 1048576K
}
Event: 0.277 GC heap after
{Heap after GC invocations=1 (full 0):
 garbage-first heap   total 98304K, used 710K [0x00000000a1400000, 0x0000000100000000)
  region size 1024K, 1 young (1024K), 1 survivors (1024K)
 Metaspace       used 5282K, capacity 5302K, committed 5376K, reserved 1062912K
  class space    used 460K, capacity 471K, committed 512K, reserved 1048576K
}

Deoptimization events (0 events):
No events

Classes unloaded (0 events):
No events

Classes redefined (0 events):
No events

Internal exceptions (0 events):
No events

Events (20 events):
Event: 0.273 loading class java/nio/Bits$1 done
Event: 0.273 loading class jdk/internal/jimage/ImageHeader
Event: 0.273 loading class jdk/internal/jimage/ImageHeader done
Event: 0.273 loading class java/nio/DirectIntBufferU
Event: 0.273 loading class java/nio/IntBuffer
Event: 0.273 loading class java/nio/IntBuffer done
Event: 0.273 loading class java/nio/DirectIntBufferU done
Event: 0.274 loading class java/nio/DirectByteBufferR
Event: 0.274 loading class java/nio/DirectByteBufferR done
Event: 0.274 loading class java/nio/DirectIntBufferRU
Event: 0.274 loading class java/nio/DirectIntBufferRU done
Event: 0.274 loading class jdk/internal/jimage/ImageStringsReader
Event: 0.274 loading class jdk/internal/jimage/ImageStrings
Event: 0.274 loading class jdk/internal/jimage/ImageStrings done
Event: 0.274 loading class jdk/internal/jimage/ImageStringsReader done
Event: 0.274 loading class jdk/internal/jimage/decompressor/Decompressor
Event: 0.274 loading class jdk/internal/jimage/decompressor/Decompressor done
Event: 0.274 loading class jdk/internal/jimage/ImageLocation
Event: 0.275 loading class jdk/internal/jimage/ImageLocation done
Event: 0.275 Executing VM operation: CollectForMetadataAllocation


Dynamic libraries:
0x00007ff6c8810000 - 0x00007ff6c881d000 	C:\Users\Diego\Documents\sts-4.8.0.RELEASE\plugins\org.eclipse.justj.openjdk.hotspot.jre.full.win32.x86_64_14.0.2.v20200815-0932\jre\bin\javaw.exe
0x00007ffddfa40000 - 0x00007ffddfc30000 	C:\WINDOWS\SYSTEM32\ntdll.dll
0x00007ffdde1a0000 - 0x00007ffdde252000 	C:\WINDOWS\System32\KERNEL32.DLL
0x00007ffddcca0000 - 0x00007ffddcf45000 	C:\WINDOWS\System32\KERNELBASE.dll
0x00007ffddca00000 - 0x00007ffddcafa000 	C:\WINDOWS\System32\ucrtbase.dll
0x00007ffdb3100000 - 0x00007ffdb3115000 	C:\Users\Diego\Documents\sts-4.8.0.RELEASE\plugins\org.eclipse.justj.openjdk.hotspot.jre.full.win32.x86_64_14.0.2.v20200815-0932\jre\bin\VCRUNTIME140.dll
0x00007ffdb6150000 - 0x00007ffdb6168000 	C:\Users\Diego\Documents\sts-4.8.0.RELEASE\plugins\org.eclipse.justj.openjdk.hotspot.jre.full.win32.x86_64_14.0.2.v20200815-0932\jre\bin\jli.dll
0x00007ffdddd80000 - 0x00007ffdddf15000 	C:\WINDOWS\System32\USER32.dll
0x00007ffddd8f0000 - 0x00007ffddd911000 	C:\WINDOWS\System32\win32u.dll
0x00007ffdddcb0000 - 0x00007ffdddcd6000 	C:\WINDOWS\System32\GDI32.dll
0x00007ffddcf70000 - 0x00007ffddd106000 	C:\WINDOWS\System32\gdi32full.dll
0x00007ffddda50000 - 0x00007ffdddaee000 	C:\WINDOWS\System32\msvcp_win.dll
0x00007ffdc5fc0000 - 0x00007ffdc6244000 	C:\WINDOWS\WinSxS\amd64_microsoft.windows.common-controls_6595b64144ccf1df_6.0.18362.1082_none_9e8193e1e45b25c1\COMCTL32.dll
0x00007ffdddce0000 - 0x00007ffdddd7e000 	C:\WINDOWS\System32\msvcrt.dll
0x00007ffdde7e0000 - 0x00007ffddeb15000 	C:\WINDOWS\System32\combase.dll
0x00007ffdde3d0000 - 0x00007ffdde4f0000 	C:\WINDOWS\System32\RPCRT4.dll
0x00007ffddd9d0000 - 0x00007ffddda50000 	C:\WINDOWS\System32\bcryptPrimitives.dll
0x00007ffdddaf0000 - 0x00007ffdddb1e000 	C:\WINDOWS\System32\IMM32.DLL
0x00007ffda23d0000 - 0x00007ffda246b000 	C:\Users\Diego\Documents\sts-4.8.0.RELEASE\plugins\org.eclipse.justj.openjdk.hotspot.jre.full.win32.x86_64_14.0.2.v20200815-0932\jre\bin\msvcp140.dll
0x00007ffd88890000 - 0x00007ffd893ae000 	C:\Users\Diego\Documents\sts-4.8.0.RELEASE\plugins\org.eclipse.justj.openjdk.hotspot.jre.full.win32.x86_64_14.0.2.v20200815-0932\jre\bin\server\jvm.dll
0x00007ffddf940000 - 0x00007ffddf9e3000 	C:\WINDOWS\System32\ADVAPI32.dll
0x00007ffdde260000 - 0x00007ffdde2f7000 	C:\WINDOWS\System32\sechost.dll
0x00007ffddf9f0000 - 0x00007ffddf9f8000 	C:\WINDOWS\System32\PSAPI.DLL
0x00007ffdc8f90000 - 0x00007ffdc8f99000 	C:\WINDOWS\SYSTEM32\WSOCK32.dll
0x00007ffdde360000 - 0x00007ffdde3cf000 	C:\WINDOWS\System32\WS2_32.dll
0x00007ffdda840000 - 0x00007ffdda864000 	C:\WINDOWS\SYSTEM32\WINMM.dll
0x00007ffdd42d0000 - 0x00007ffdd42da000 	C:\WINDOWS\SYSTEM32\VERSION.dll
0x00007ffdda2c0000 - 0x00007ffdda2ed000 	C:\WINDOWS\SYSTEM32\WINMMBASE.dll
0x00007ffddcc50000 - 0x00007ffddcc9a000 	C:\WINDOWS\System32\cfgmgr32.dll
0x00007ffddc990000 - 0x00007ffddc9a1000 	C:\WINDOWS\System32\kernel.appcore.dll
0x00007ffdc7600000 - 0x00007ffdc760a000 	C:\Users\Diego\Documents\sts-4.8.0.RELEASE\plugins\org.eclipse.justj.openjdk.hotspot.jre.full.win32.x86_64_14.0.2.v20200815-0932\jre\bin\jimage.dll
0x00007ffdc1970000 - 0x00007ffdc1b64000 	C:\WINDOWS\SYSTEM32\DBGHELP.DLL
0x00007ffdc17e0000 - 0x00007ffdc180a000 	C:\WINDOWS\SYSTEM32\dbgcore.DLL
0x00007ffdbbee0000 - 0x00007ffdbbf05000 	C:\Users\Diego\Documents\sts-4.8.0.RELEASE\plugins\org.eclipse.justj.openjdk.hotspot.jre.full.win32.x86_64_14.0.2.v20200815-0932\jre\bin\java.dll
0x00007ffdc2710000 - 0x00007ffdc2726000 	C:\Users\Diego\Documents\sts-4.8.0.RELEASE\plugins\org.eclipse.justj.openjdk.hotspot.jre.full.win32.x86_64_14.0.2.v20200815-0932\jre\bin\zip.dll
0x00007ffddebe0000 - 0x00007ffddf2c7000 	C:\WINDOWS\System32\SHELL32.dll
0x00007ffdde660000 - 0x00007ffdde709000 	C:\WINDOWS\System32\shcore.dll
0x00007ffddd110000 - 0x00007ffddd890000 	C:\WINDOWS\System32\windows.storage.dll
0x00007ffddc960000 - 0x00007ffddc983000 	C:\WINDOWS\System32\profapi.dll
0x00007ffddc910000 - 0x00007ffddc95a000 	C:\WINDOWS\System32\powrprof.dll
0x00007ffddc900000 - 0x00007ffddc910000 	C:\WINDOWS\System32\UMPDC.dll
0x00007ffdde300000 - 0x00007ffdde352000 	C:\WINDOWS\System32\shlwapi.dll
0x00007ffddcf50000 - 0x00007ffddcf67000 	C:\WINDOWS\System32\cryptsp.dll

dbghelp: loaded successfully - version: 4.0.5 - missing functions: none
symbol engine: initialized successfully - sym options: 0x614 - pdb path: .;C:\Users\Diego\Documents\sts-4.8.0.RELEASE\plugins\org.eclipse.justj.openjdk.hotspot.jre.full.win32.x86_64_14.0.2.v20200815-0932\jre\bin;C:\WINDOWS\SYSTEM32;C:\WINDOWS\WinSxS\amd64_microsoft.windows.common-controls_6595b64144ccf1df_6.0.18362.1082_none_9e8193e1e45b25c1;C:\Users\Diego\Documents\sts-4.8.0.RELEASE\plugins\org.eclipse.justj.openjdk.hotspot.jre.full.win32.x86_64_14.0.2.v20200815-0932\jre\bin\server

VM Arguments:
jvm_args: -Dcom.sun.management.jmxremote -Dcom.sun.management.jmxremote.port=49912 -Dcom.sun.management.jmxremote.authenticate=false -Dcom.sun.management.jmxremote.ssl=false -Djava.rmi.server.hostname=localhost -Dspring.jmx.enabled=true -Dspring.application.admin.enabled=true -Xverify:none -XX:TieredStopAtLevel=1 -Dspring.boot.project.name=user-levels -Dfile.encoding=UTF-8 -XX:+ShowCodeDetailsInExceptionMessages 
java_command: com.diego.userlevels.UserLevelsApplication --spring.output.ansi.enabled=always
java_class_path (initial): C:\Users\Diego\Documents\workspace-RELEASE\user-levels\target\classes;C:\Users\Diego\.m2\repository\org\springframework\boot\spring-boot-starter-data-jpa\2.3.4.RELEASE\spring-boot-starter-data-jpa-2.3.4.RELEASE.jar;C:\Users\Diego\.m2\repository\org\springframework\boot\spring-boot-starter-aop\2.3.4.RELEASE\spring-boot-starter-aop-2.3.4.RELEASE.jar;C:\Users\Diego\.m2\repository\org\springframework\spring-aop\5.2.9.RELEASE\spring-aop-5.2.9.RELEASE.jar;C:\Users\Diego\.m2\repository\org\aspectj\aspectjweaver\1.9.6\aspectjweaver-1.9.6.jar;C:\Users\Diego\.m2\repository\org\springframework\boot\spring-boot-starter-jdbc\2.3.4.RELEASE\spring-boot-starter-jdbc-2.3.4.RELEASE.jar;C:\Users\Diego\.m2\repository\com\zaxxer\HikariCP\3.4.5\HikariCP-3.4.5.jar;C:\Users\Diego\.m2\repository\org\springframework\spring-jdbc\5.2.9.RELEASE\spring-jdbc-5.2.9.RELEASE.jar;C:\Users\Diego\.m2\repository\jakarta\transaction\jakarta.transaction-api\1.3.3\jakarta.transaction-api-1.3.3.jar;C:\Users\Diego\.m2\repository\jakarta\persistence\jakarta.persistence-api\2.2.3\jakarta.persistence-api-2.2.3.jar;C:\Users\Diego\.m2\repository\org\hibernate\hibernate-core\5.4.21.Final\hibernate-core-5.4.21.Final.jar;C:\Users\Diego\.m2\repository\org\jboss\logging\jboss-logging\3.4.1.Final\jboss-logging-3.4.1.Final.jar;C:\Users\Diego\.m2\repository\org\javassist\javassist\3.24.0-GA\javassist-3.24.0-GA.jar;C:\Users\Diego\.m2\repository\net\bytebuddy\byte-buddy\1.10.14\byte-buddy-1.10.14.jar;C:\Users\Diego\.m2\repository\antlr\antlr\2.7.7\antlr-2.7.7.jar;C:\Users\Diego\.m2\repository\org\jboss\jandex\2.1.3.Final\jandex-2.1.3.Final.jar;C:\Users\Diego\.m2\repository\com\fasterxml\classmate\1.5.1\classmate-1.5.1.jar;C:\Users\Diego\.m2\repository\org\dom4j\dom4j\2.1.3\dom4j-2.1.3.jar;C:\Users\Diego\.m2\repository\org\hibernate\common\hibernate-commons-annotations\5.1.0.Final\hibernate-commons-annotations-5.1.0.Final.jar;C:\Users\Diego\.m2\repository\org\glassfish\jaxb\jaxb-runtime\2.3.3\ja
Launcher Type: SUN_STANDARD

[Global flags]
     intx CICompilerCount                          = 3                                         {product} {ergonomic}
     uint ConcGCThreads                            = 1                                         {product} {ergonomic}
     uint G1ConcRefinementThreads                  = 4                                         {product} {ergonomic}
   size_t G1HeapRegionSize                         = 1048576                                   {product} {ergonomic}
    uintx GCDrainStackTargetSize                   = 64                                        {product} {ergonomic}
   size_t InitialHeapSize                          = 100663296                                 {product} {ergonomic}
     bool ManagementServer                         = true                                      {product} {command line}
   size_t MarkStackSize                            = 4194304                                   {product} {ergonomic}
   size_t MaxHeapSize                              = 1589641216                                {product} {ergonomic}
   size_t MaxNewSize                               = 953155584                                 {product} {ergonomic}
   size_t MinHeapDeltaBytes                        = 1048576                                   {product} {ergonomic}
   size_t MinHeapSize                              = 8388608                                   {product} {ergonomic}
    uintx NonNMethodCodeHeapSize                   = 6973028                                {pd product} {ergonomic}
    uintx NonProfiledCodeHeapSize                  = 244685212                              {pd product} {ergonomic}
    uintx ProfiledCodeHeapSize                     = 0                                      {pd product} {ergonomic}
    uintx ReservedCodeCacheSize                    = 251658240                              {pd product} {ergonomic}
     bool SegmentedCodeCache                       = true                                      {product} {ergonomic}
     bool ShowCodeDetailsInExceptionMessages       = true                                   {manageable} {command line}
   size_t SoftMaxHeapSize                          = 1589641216                             {manageable} {ergonomic}
     intx TieredStopAtLevel                        = 1                                         {product} {command line}
     bool UseCompressedClassPointers               = true                                 {lp64_product} {ergonomic}
     bool UseCompressedOops                        = true                                 {lp64_product} {ergonomic}
     bool UseG1GC                                  = true                                      {product} {ergonomic}
     bool UseLargePagesIndividualAllocation        = false                                  {pd product} {ergonomic}

Logging:
Log output configuration:
 #0: stdout all=warning uptime,level,tags
 #1: stderr all=off uptime,level,tags

Environment Variables:
PATH=C:/Users/Diego/Documents/sts-4.8.0.RELEASE//plugins/org.eclipse.justj.openjdk.hotspot.jre.full.win32.x86_64_14.0.2.v20200815-0932/jre/bin/server;C:/Users/Diego/Documents/sts-4.8.0.RELEASE//plugins/org.eclipse.justj.openjdk.hotspot.jre.full.win32.x86_64_14.0.2.v20200815-0932/jre/bin;C:\Program Files (x86)\Common Files\Oracle\Java\javapath;C:\WINDOWS\system32;C:\WINDOWS;C:\WINDOWS\System32\Wbem;C:\WINDOWS\System32\WindowsPowerShell\v1.0\;C:\WINDOWS\System32\OpenSSH\;C:\Program Files (x86)\mingw-w64\i686-8.1.0-posix-dwarf-rt_v6-rev0\mingw32\bin;C:\Program Files\Git\cmd;C:\Users\Diego\Docker;C:\Program Files\Java\jdk1.8.0_261\bin;C:\Program Files\Java\jdk-14.0.2\bin;C:\Program Files\MySQL\MySQL Shell 8.0\bin\;C:\Users\Diego\AppData\Local\Programs\Python\Python38-32\Scripts\;C:\Users\Diego\AppData\Local\Programs\Python\Python38-32\;C:\Users\Diego\AppData\Local\Microsoft\WindowsApps;C:\Users\Diego\AppData\Local\Programs\Microsoft VS Code\bin;C:\Program Files\Docker Toolbox;C:\Program Files\Docker Toolbox;C:\Program Files\apache-maven-3.6.3\bin;;C:\Users\Diego\Documents\sts-4.8.0.RELEASE;
USERNAME=Diego
OS=Windows_NT
PROCESSOR_IDENTIFIER=AMD64 Family 23 Model 24 Stepping 1, AuthenticAMD



---------------  S Y S T E M  ---------------

OS: Windows 10 , 64 bit Build 18362 (10.0.18362.1082)
OS uptime: 15 days 13:53 hours

CPU:total 4 (initial active 4) (4 cores per cpu, 2 threads per core) family 23 model 24 stepping 1, cmov, cx8, fxsr, mmx, sse, sse2, sse3, ssse3, sse4.1, sse4.2, popcnt, avx, avx2, aes, clmul, mmxext, 3dnowpref, lzcnt, sse4a, ht, tsc, tscinvbit, tscinv, bmi1, bmi2, adx, sha, fma

Memory: 4k page, system-wide physical 6060M (304M free)
TotalPageFile size 9366M (AvailPageFile size 3M)
current process WorkingSet (physical memory assigned to process): 30M, peak: 30M
current process commit charge ("private bytes"): 159M, peak: 160M

vm_info: OpenJDK 64-Bit Server VM (14.0.2+12-46) for windows-amd64 JRE (14.0.2+12-46), built on Jul  9 2020 00:31:16 by "mach5one" with MS VC++ 15.9 (VS2017)

END.
